<?xml version="1.0" encoding="UTF-8"?>
<!-- Generated by org.testng.reporters.JUnitReportReporter -->
<testsuite skipped="0" hostname="Leonardos-MBP.lan" name="primetables.PrimeTablesTest" tests="34" failures="0" timestamp="14 Nov 2017 03:51:10 GMT" time="2.499" errors="0">
  <testcase name="displayMultiplicationTable_n_ReturnMultiplicationTable" time="0.001" classname="primetables.PrimeTablesTest"/>
  <testcase name="findPrime_nInvalidNumber_ReturnNull" time="0.001" classname="primetables.PrimeTablesTest"/>
  <testcase name="integrationTest_ParseAndGeneratePrimesAndGenerateMatrixProduct_GenerateDisplay" time="0.002" classname="primetables.PrimeTablesTest"/>
  <testcase name="displayMultiplicationTable_n_ReturnMultiplicationTable" time="0.002" classname="primetables.PrimeTablesTest"/>
  <testcase name="displayMultiplicationTable_n_ReturnMultiplicationTable" time="0.001" classname="primetables.PrimeTablesTest"/>
  <testcase name="integrationTest_ParseAndGeneratePrimesAndGenerateMatrixProduct_GenerateDisplay" time="0.001" classname="primetables.PrimeTablesTest"/>
  <testcase name="integrationTest_ParseAndGeneratePrimesAndGenerateMatrixProduct_GenerateDisplay" time="0.008" classname="primetables.PrimeTablesTest"/>
  <testcase name="findPrime_n_ReturnExpectedPrimes" time="0.001" classname="primetables.PrimeTablesTest"/>
  <testcase name="findPrime_n10Million_ReturnExpectedPrimes" time="2.427" classname="primetables.PrimeTablesTest"/>
  <testcase name="testScanner" time="0.003" classname="primetables.PrimeTablesTest"/>
  <testcase name="parser_n_ReturnedParsedInt" time="0.001" classname="primetables.PrimeTablesTest"/>
  <testcase name="findPrime_nInvalidNumber_ReturnNull" time="0.001" classname="primetables.PrimeTablesTest"/>
  <testcase name="findPrime_n_ReturnExpectedPrimes" time="0.001" classname="primetables.PrimeTablesTest"/>
  <testcase name="findPrime_n_ReturnExpectedPrimes" time="0.000" classname="primetables.PrimeTablesTest"/>
  <testcase name="findPrime_n_ReturnExpectedPrimes" time="0.001" classname="primetables.PrimeTablesTest"/>
  <testcase name="calculateMatrixProduct_n_ReturnExpectedMatrixProduct" time="0.002" classname="primetables.PrimeTablesTest"/>
  <testcase name="findPrime_n_ReturnExpectedPrimes" time="0.001" classname="primetables.PrimeTablesTest"/>
  <testcase name="findPrime_n_ReturnExpectedPrimes" time="0.001" classname="primetables.PrimeTablesTest"/>
  <testcase name="calculateMatrixProduct_n_ReturnExpectedMatrixProduct" time="0.001" classname="primetables.PrimeTablesTest"/>
  <testcase name="calculateMatrixProduct_n_ReturnExpectedMatrixProduct" time="0.002" classname="primetables.PrimeTablesTest"/>
  <testcase name="parser_n_ReturnedParsedInt" time="0.001" classname="primetables.PrimeTablesTest"/>
  <testcase name="displayMultiplicationTable_n_ReturnMultiplicationTable" time="0.004" classname="primetables.PrimeTablesTest"/>
  <testcase name="findPrime_n_ReturnExpectedPrimes" time="0.001" classname="primetables.PrimeTablesTest"/>
  <testcase name="testScanner" time="0.003" classname="primetables.PrimeTablesTest"/>
  <testcase name="findPrime_n_ReturnExpectedPrimes" time="0.000" classname="primetables.PrimeTablesTest"/>
  <testcase name="displayMultiplicationTable_n_ReturnMultiplicationTable" time="0.001" classname="primetables.PrimeTablesTest"/>
  <testcase name="calculateMatrixProduct_n_ReturnExpectedMatrixProduct" time="0.002" classname="primetables.PrimeTablesTest"/>
  <testcase name="testScanner" time="0.013" classname="primetables.PrimeTablesTest"/>
  <testcase name="parser_n_ReturnedParsedInt" time="0.001" classname="primetables.PrimeTablesTest"/>
  <testcase name="findPrime_nInvalidNumber_ReturnNull" time="0.001" classname="primetables.PrimeTablesTest"/>
  <testcase name="findPrime_n_ReturnExpectedPrimes" time="0.001" classname="primetables.PrimeTablesTest"/>
  <testcase name="parser_n_ReturnedParsedInt" time="0.001" classname="primetables.PrimeTablesTest"/>
  <testcase name="calculateMatrixProduct_n_ReturnExpectedMatrixProduct" time="0.011" classname="primetables.PrimeTablesTest"/>
  <testcase name="parser_n_ReturnedParsedInt" time="0.001" classname="primetables.PrimeTablesTest"/>
</testsuite> <!-- primetables.PrimeTablesTest -->
