<?xml version="1.0" encoding="UTF-8"?>
<!-- Generated by org.testng.reporters.JUnitReportReporter -->
<testsuite skipped="0" hostname="Leonardos-MBP.lan" name="primetables.PrimeTablesTest" tests="34" failures="0" timestamp="14 Nov 2017 04:58:24 GMT" time="2.148" errors="0">
  <testcase name="displayMultiplicationTable_n_ReturnMultiplicationTable" time="0.001" classname="primetables.PrimeTablesTest"/>
  <testcase name="findPrime_nInvalidNumber_ReturnNull" time="0.001" classname="primetables.PrimeTablesTest"/>
  <testcase name="integrationTest_ParseAndGeneratePrimesAndGenerateMatrixProduct_GenerateDisplay" time="0.002" classname="primetables.PrimeTablesTest"/>
  <testcase name="displayMultiplicationTable_n_ReturnMultiplicationTable" time="0.002" classname="primetables.PrimeTablesTest"/>
  <testcase name="displayMultiplicationTable_n_ReturnMultiplicationTable" time="0.001" classname="primetables.PrimeTablesTest"/>
  <testcase name="integrationTest_ParseAndGeneratePrimesAndGenerateMatrixProduct_GenerateDisplay" time="0.001" classname="primetables.PrimeTablesTest"/>
  <testcase name="integrationTest_ParseAndGeneratePrimesAndGenerateMatrixProduct_GenerateDisplay" time="0.002" classname="primetables.PrimeTablesTest"/>
  <testcase name="findPrime_n_ReturnExpectedPrimes" time="0.001" classname="primetables.PrimeTablesTest"/>
  <testcase name="findPrime_n10Million_ReturnExpectedNumberofPrimes" time="2.088" classname="primetables.PrimeTablesTest"/>
  <testcase name="testScanner" time="0.002" classname="primetables.PrimeTablesTest"/>
  <testcase name="parser_n_ReturnedParsedInt" time="0.001" classname="primetables.PrimeTablesTest"/>
  <testcase name="findPrime_nInvalidNumber_ReturnNull" time="0.001" classname="primetables.PrimeTablesTest"/>
  <testcase name="findPrime_n_ReturnExpectedPrimes" time="0.001" classname="primetables.PrimeTablesTest"/>
  <testcase name="findPrime_n_ReturnExpectedPrimes" time="0.000" classname="primetables.PrimeTablesTest"/>
  <testcase name="findPrime_n_ReturnExpectedPrimes" time="0.001" classname="primetables.PrimeTablesTest"/>
  <testcase name="calculateMatrixProduct_n_ReturnExpectedMatrixProduct" time="0.002" classname="primetables.PrimeTablesTest"/>
  <testcase name="findPrime_n_ReturnExpectedPrimes" time="0.001" classname="primetables.PrimeTablesTest"/>
  <testcase name="findPrime_n_ReturnExpectedPrimes" time="0.001" classname="primetables.PrimeTablesTest"/>
  <testcase name="calculateMatrixProduct_n_ReturnExpectedMatrixProduct" time="0.002" classname="primetables.PrimeTablesTest"/>
  <testcase name="calculateMatrixProduct_n_ReturnExpectedMatrixProduct" time="0.002" classname="primetables.PrimeTablesTest"/>
  <testcase name="parser_n_ReturnedParsedInt" time="0.001" classname="primetables.PrimeTablesTest"/>
  <testcase name="displayMultiplicationTable_n_ReturnMultiplicationTable" time="0.006" classname="primetables.PrimeTablesTest"/>
  <testcase name="findPrime_n_ReturnExpectedPrimes" time="0.001" classname="primetables.PrimeTablesTest"/>
  <testcase name="testScanner" time="0.002" classname="primetables.PrimeTablesTest"/>
  <testcase name="findPrime_n_ReturnExpectedPrimes" time="0.001" classname="primetables.PrimeTablesTest"/>
  <testcase name="displayMultiplicationTable_n_ReturnMultiplicationTable" time="0.000" classname="primetables.PrimeTablesTest"/>
  <testcase name="calculateMatrixProduct_n_ReturnExpectedMatrixProduct" time="0.002" classname="primetables.PrimeTablesTest"/>
  <testcase name="testScanner" time="0.006" classname="primetables.PrimeTablesTest"/>
  <testcase name="parser_n_ReturnedParsedInt" time="0.001" classname="primetables.PrimeTablesTest"/>
  <testcase name="findPrime_nInvalidNumber_ReturnNull" time="0.001" classname="primetables.PrimeTablesTest"/>
  <testcase name="findPrime_n_ReturnExpectedPrimes" time="0.001" classname="primetables.PrimeTablesTest"/>
  <testcase name="parser_n_ReturnedParsedInt" time="0.001" classname="primetables.PrimeTablesTest"/>
  <testcase name="calculateMatrixProduct_n_ReturnExpectedMatrixProduct" time="0.011" classname="primetables.PrimeTablesTest"/>
  <testcase name="parser_n_ReturnedParsedInt" time="0.001" classname="primetables.PrimeTablesTest"/>
</testsuite> <!-- primetables.PrimeTablesTest -->
